2025-06-23 16:59:57.053: [INFO] VisibilityChanged: 0
2025-06-23 16:59:57.072: [INFO] RecordSyncInitDuration has_sync_been_enabled: 0 state: 0
2025-06-23 16:59:57.072: [INFO] RecordSyncInitDuration has_sync_been_enabled: 0 state: 0
2025-06-23 16:59:57.073: [INFO] RecordSyncInitDuration has_sync_been_enabled: 0 state: 0
2025-06-23 16:59:57.073: [INFO] RecordSyncInitDuration has_sync_been_enabled: 0 state: 0
2025-06-23 16:59:57.073: [INFO] RecordSyncInitDuration has_sync_been_enabled: 0 state: 0
2025-06-23 16:59:57.074: [INFO] RecordSyncInitDuration has_sync_been_enabled: 0 state: 0
2025-06-23 16:59:57.074: [INFO] RecordSyncInitDuration has_sync_been_enabled: 0 state: 0
2025-06-23 16:59:57.074: [INFO] RecordSyncInitDuration has_sync_been_enabled: 0 state: 0
2025-06-23 16:59:57.075: [INFO] RecordSyncInitDuration has_sync_been_enabled: 0 state: 0
2025-06-23 16:59:57.075: [INFO] RecordSyncInitDuration has_sync_been_enabled: 0 state: 0
2025-06-23 16:59:57.075: [INFO] RecordSyncInitDuration has_sync_been_enabled: 0 state: 0
2025-06-23 16:59:57.081: [INFO] BookmarkModelLoaded, ids_reassigned: 0
2025-06-23 16:59:57.082: [INFO] OnDoneLoading sync enabled: 0
2025-06-23 16:59:57.084: [INFO] RecordSyncInitDuration has_sync_been_enabled: 0 state: 0
2025-06-23 16:59:57.162: [INFO] RecordSyncInitDuration has_sync_been_enabled: 0 state: 3
2025-06-23 16:59:57.164: [INFO] Primary account changed.
2025-06-23 16:59:57.164: [INFO] OnPrimaryAccountChanged PrimaryAccountChangeEvent::Type::kSet
2025-06-23 16:59:57.165: [INFO] RecordSyncInitDuration has_sync_been_enabled: 0 state: 3
2025-06-23 16:59:57.251: [INFO] RecordSyncInitDuration has_sync_been_enabled: 0 state: 3
2025-06-23 17:00:01.430: [INFO] BookmarkNodeAdded, ABU: 0
2025-06-23 17:00:01.430: [INFO] BookmarkNodeAdded, ABU: 0
2025-06-23 17:00:01.430: [INFO] BookmarkNodeAdded, ABU: 0
2025-06-23 17:00:01.430: [INFO] BookmarkNodeAdded, ABU: 0
2025-06-23 17:00:01.430: [INFO] BookmarkNodeAdded, ABU: 0
2025-06-23 17:00:01.430: [INFO] BookmarkNodeAdded, ABU: 0
2025-06-23 17:00:01.430: [INFO] BookmarkNodeAdded, ABU: 0
2025-06-23 17:00:01.430: [INFO] BookmarkNodeAdded, ABU: 0
2025-06-23 17:00:01.430: [INFO] BookmarkNodeAdded, ABU: 0
2025-06-23 17:00:01.430: [INFO] BookmarkNodeAdded, ABU: 0
2025-06-23 17:00:01.430: [INFO] BookmarkNodeAdded, ABU: 0
2025-06-23 17:00:01.430: [INFO] BookmarkNodeAdded, ABU: 0
2025-06-23 17:00:01.430: [INFO] BookmarkNodeAdded, ABU: 0
2025-06-23 17:00:01.430: [INFO] BookmarkNodeAdded, ABU: 0
2025-06-23 17:00:01.430: [INFO] BookmarkNodeAdded, ABU: 0
2025-06-23 17:00:01.430: [INFO] BookmarkNodeAdded, ABU: 0
2025-06-23 17:00:01.430: [INFO] BookmarkNodeAdded, ABU: 0
2025-06-23 17:00:01.430: [INFO] BookmarkNodeAdded, ABU: 0
2025-06-23 17:00:01.430: [INFO] BookmarkNodeAdded, ABU: 0
2025-06-23 17:00:01.430: [INFO] BookmarkNodeAdded, ABU: 0
2025-06-23 17:00:01.431: [INFO] BookmarkNodeAdded, ABU: 0
2025-06-23 17:00:01.431: [INFO] BookmarkNodeAdded, ABU: 0
2025-06-23 17:00:01.431: [INFO] BookmarkNodeAdded, ABU: 0
2025-06-23 17:00:01.431: [INFO] BookmarkNodeAdded, ABU: 0
2025-06-23 17:00:01.431: [INFO] BookmarkNodeAdded, ABU: 0
2025-06-23 17:00:01.431: [INFO] BookmarkNodeAdded, ABU: 0
2025-06-23 17:00:01.431: [INFO] BookmarkNodeAdded, ABU: 0
2025-06-23 17:00:01.431: [INFO] BookmarkNodeAdded, ABU: 0
2025-06-23 17:00:01.431: [INFO] BookmarkNodeAdded, ABU: 0
2025-06-23 17:00:01.431: [INFO] BookmarkNodeAdded, ABU: 0
2025-06-23 17:00:01.431: [INFO] BookmarkNodeAdded, ABU: 0
2025-06-23 17:00:01.431: [INFO] BookmarkNodeAdded, ABU: 0
2025-06-23 17:00:01.431: [INFO] BookmarkNodeAdded, ABU: 0
2025-06-23 17:00:01.431: [INFO] BookmarkNodeAdded, ABU: 0
2025-06-23 17:00:01.431: [INFO] BookmarkNodeAdded, ABU: 0
2025-06-23 17:00:01.431: [INFO] BookmarkNodeAdded, ABU: 0
2025-06-23 17:00:01.431: [INFO] BookmarkNodeAdded, ABU: 0
2025-06-23 17:00:01.431: [INFO] BookmarkNodeAdded, ABU: 0
2025-06-23 17:00:01.431: [INFO] BookmarkNodeAdded, ABU: 0
2025-06-23 17:00:01.431: [INFO] BookmarkNodeAdded, ABU: 0
2025-06-23 17:00:01.431: [INFO] BookmarkNodeAdded, ABU: 0
2025-06-23 17:00:01.431: [INFO] BookmarkNodeAdded, ABU: 0
2025-06-23 17:00:01.431: [INFO] BookmarkNodeAdded, ABU: 0
2025-06-23 17:00:01.431: [INFO] BookmarkNodeAdded, ABU: 0
2025-06-23 17:00:01.431: [INFO] BookmarkNodeAdded, ABU: 0
2025-06-23 17:00:01.431: [INFO] BookmarkNodeAdded, ABU: 0
2025-06-23 17:00:01.431: [INFO] BookmarkNodeAdded, ABU: 0
2025-06-23 17:00:01.431: [INFO] BookmarkNodeAdded, ABU: 0
2025-06-23 17:00:01.432: [INFO] BookmarkNodeAdded, ABU: 0
2025-06-23 17:00:01.432: [INFO] BookmarkNodeAdded, ABU: 0
2025-06-23 17:00:01.432: [INFO] BookmarkNodeAdded, ABU: 0
2025-06-23 17:00:01.432: [INFO] BookmarkNodeAdded, ABU: 0
2025-06-23 17:00:01.432: [INFO] BookmarkNodeAdded, ABU: 0
2025-06-23 17:00:01.432: [INFO] BookmarkNodeAdded, ABU: 0
2025-06-23 17:00:01.432: [INFO] BookmarkNodeAdded, ABU: 0
2025-06-23 17:00:01.432: [INFO] BookmarkNodeAdded, ABU: 0
2025-06-23 17:00:01.432: [INFO] BookmarkNodeAdded, ABU: 0
2025-06-23 17:00:01.432: [INFO] BookmarkNodeAdded, ABU: 0
2025-06-23 17:00:01.432: [INFO] BookmarkNodeAdded, ABU: 0
2025-06-23 17:00:01.432: [INFO] BookmarkNodeAdded, ABU: 0
2025-06-23 17:00:01.432: [INFO] BookmarkNodeAdded, ABU: 0
2025-06-23 17:00:01.432: [INFO] BookmarkNodeAdded, ABU: 0
2025-06-23 17:00:01.432: [INFO] BookmarkNodeAdded, ABU: 0
2025-06-23 17:00:01.432: [INFO] BookmarkNodeAdded, ABU: 0
2025-06-23 17:00:01.432: [INFO] BookmarkNodeAdded, ABU: 0
2025-06-23 17:00:01.432: [INFO] BookmarkNodeAdded, ABU: 0
2025-06-23 17:00:01.432: [INFO] BookmarkNodeAdded, ABU: 0
2025-06-23 17:00:01.432: [INFO] BookmarkNodeAdded, ABU: 0
2025-06-23 17:00:01.432: [INFO] BookmarkNodeAdded, ABU: 0
2025-06-23 17:00:01.432: [INFO] BookmarkNodeAdded, ABU: 0
2025-06-23 17:00:01.432: [INFO] BookmarkNodeAdded, ABU: 0
2025-06-23 17:00:01.432: [INFO] BookmarkNodeAdded, ABU: 0
2025-06-23 17:00:01.432: [INFO] BookmarkNodeAdded, ABU: 0
2025-06-23 17:00:01.432: [INFO] BookmarkNodeAdded, ABU: 0
2025-06-23 17:00:01.432: [INFO] BookmarkNodeAdded, ABU: 0
2025-06-23 17:00:01.432: [INFO] BookmarkNodeAdded, ABU: 0
2025-06-23 17:00:01.432: [INFO] BookmarkNodeAdded, ABU: 0
2025-06-23 17:00:01.432: [INFO] BookmarkNodeAdded, ABU: 0
2025-06-23 17:00:01.432: [INFO] BookmarkNodeAdded, ABU: 0
2025-06-23 17:00:01.433: [INFO] BookmarkNodeAdded, ABU: 0
2025-06-23 17:00:01.433: [INFO] BookmarkNodeAdded, ABU: 0
2025-06-23 17:00:01.433: [INFO] BookmarkNodeAdded, ABU: 0
2025-06-23 17:00:01.433: [INFO] BookmarkNodeAdded, ABU: 0
2025-06-23 17:00:01.433: [INFO] BookmarkNodeAdded, ABU: 0
2025-06-23 17:00:01.433: [INFO] BookmarkNodeAdded, ABU: 0
2025-06-23 17:00:01.433: [INFO] BookmarkNodeAdded, ABU: 0
2025-06-23 17:00:01.433: [INFO] BookmarkNodeAdded, ABU: 0
2025-06-23 17:00:01.433: [INFO] BookmarkNodeAdded, ABU: 0
2025-06-23 17:00:01.433: [INFO] BookmarkNodeAdded, ABU: 0
2025-06-23 17:00:01.433: [INFO] BookmarkNodeAdded, ABU: 0
2025-06-23 17:00:01.433: [INFO] BookmarkNodeAdded, ABU: 0
2025-06-23 17:00:01.433: [INFO] BookmarkNodeAdded, ABU: 0
2025-06-23 17:00:01.433: [INFO] BookmarkNodeAdded, ABU: 0
2025-06-23 17:00:01.433: [INFO] BookmarkNodeAdded, ABU: 0
2025-06-23 17:00:01.433: [INFO] BookmarkNodeAdded, ABU: 0
2025-06-23 17:00:01.433: [INFO] BookmarkNodeAdded, ABU: 0
2025-06-23 17:00:01.433: [INFO] BookmarkNodeAdded, ABU: 0
2025-06-23 17:00:01.433: [INFO] BookmarkNodeAdded, ABU: 0
2025-06-23 17:00:01.433: [INFO] BookmarkNodeAdded, ABU: 0
2025-06-23 17:00:01.433: [INFO] BookmarkNodeAdded, ABU: 0
2025-06-23 17:00:01.433: [INFO] BookmarkNodeAdded, ABU: 0
2025-06-23 17:00:01.433: [INFO] BookmarkNodeAdded, ABU: 0
2025-06-23 17:00:01.433: [INFO] BookmarkNodeAdded, ABU: 0
2025-06-23 17:00:01.433: [INFO] BookmarkNodeAdded, ABU: 0
2025-06-23 17:00:01.433: [INFO] BookmarkNodeAdded, ABU: 0
2025-06-23 17:00:01.433: [INFO] BookmarkNodeAdded, ABU: 0
2025-06-23 17:00:01.433: [INFO] BookmarkNodeAdded, ABU: 0
2025-06-23 17:00:01.433: [INFO] BookmarkNodeAdded, ABU: 0
2025-06-23 17:00:01.433: [INFO] BookmarkNodeAdded, ABU: 0
2025-06-23 17:00:01.433: [INFO] BookmarkNodeAdded, ABU: 0
2025-06-23 17:00:01.433: [INFO] BookmarkNodeAdded, ABU: 0
2025-06-23 17:00:01.433: [INFO] BookmarkNodeAdded, ABU: 0
2025-06-23 17:00:01.434: [INFO] BookmarkNodeAdded, ABU: 0
2025-06-23 17:00:01.434: [INFO] BookmarkNodeAdded, ABU: 0
2025-06-23 17:00:01.434: [INFO] BookmarkNodeAdded, ABU: 0
2025-06-23 17:00:01.434: [INFO] BookmarkNodeAdded, ABU: 0
2025-06-23 17:00:01.434: [INFO] BookmarkNodeAdded, ABU: 0
2025-06-23 17:00:01.434: [INFO] BookmarkNodeAdded, ABU: 0
2025-06-23 17:00:01.434: [INFO] BookmarkNodeAdded, ABU: 0
2025-06-23 17:00:01.434: [INFO] BookmarkNodeAdded, ABU: 0
2025-06-23 17:00:01.434: [INFO] BookmarkNodeAdded, ABU: 0
2025-06-23 17:00:01.434: [INFO] BookmarkNodeAdded, ABU: 0
2025-06-23 17:00:01.434: [INFO] BookmarkNodeAdded, ABU: 0
2025-06-23 17:00:01.434: [INFO] BookmarkNodeAdded, ABU: 0
2025-06-23 17:00:01.434: [INFO] BookmarkNodeAdded, ABU: 0
2025-06-23 17:00:01.434: [INFO] BookmarkNodeAdded, ABU: 0
2025-06-23 17:00:01.434: [INFO] BookmarkNodeAdded, ABU: 0
2025-06-23 17:00:01.434: [INFO] BookmarkNodeAdded, ABU: 0
2025-06-23 17:00:01.434: [INFO] BookmarkNodeAdded, ABU: 0
2025-06-23 17:00:01.434: [INFO] BookmarkNodeAdded, ABU: 0
2025-06-23 17:00:01.434: [INFO] BookmarkNodeAdded, ABU: 0
2025-06-23 17:00:01.434: [INFO] BookmarkNodeAdded, ABU: 0
2025-06-23 17:00:01.434: [INFO] BookmarkNodeAdded, ABU: 0
2025-06-23 17:00:01.434: [INFO] BookmarkNodeAdded, ABU: 0
2025-06-23 17:00:01.434: [INFO] BookmarkNodeAdded, ABU: 0
2025-06-23 17:00:01.434: [INFO] BookmarkNodeAdded, ABU: 0
2025-06-23 17:00:01.434: [INFO] BookmarkNodeAdded, ABU: 0
2025-06-23 17:00:01.434: [INFO] BookmarkNodeAdded, ABU: 0
2025-06-23 17:00:01.434: [INFO] BookmarkNodeAdded, ABU: 0
2025-06-23 17:00:01.434: [INFO] BookmarkNodeAdded, ABU: 0
2025-06-23 17:00:01.434: [INFO] BookmarkNodeAdded, ABU: 0
2025-06-23 17:00:01.435: [INFO] BookmarkNodeAdded, ABU: 0
2025-06-23 17:00:01.435: [INFO] BookmarkNodeAdded, ABU: 0
2025-06-23 17:00:01.435: [INFO] BookmarkNodeAdded, ABU: 0
2025-06-23 17:00:01.435: [INFO] BookmarkNodeAdded, ABU: 0
2025-06-23 17:00:01.435: [INFO] BookmarkNodeAdded, ABU: 0
2025-06-23 17:00:01.435: [INFO] BookmarkNodeAdded, ABU: 0
2025-06-23 17:00:01.435: [INFO] BookmarkNodeAdded, ABU: 0
2025-06-23 17:00:01.435: [INFO] BookmarkNodeAdded, ABU: 0
2025-06-23 17:00:01.435: [INFO] BookmarkNodeAdded, ABU: 0
2025-06-23 17:00:01.435: [INFO] BookmarkNodeAdded, ABU: 0
2025-06-23 17:00:01.435: [INFO] BookmarkNodeAdded, ABU: 0
2025-06-23 17:00:01.435: [INFO] BookmarkNodeAdded, ABU: 0
2025-06-23 17:00:01.435: [INFO] BookmarkNodeAdded, ABU: 0
2025-06-23 17:00:01.435: [INFO] BookmarkNodeAdded, ABU: 0
2025-06-23 17:00:01.435: [INFO] BookmarkNodeAdded, ABU: 0
2025-06-23 17:00:01.435: [INFO] BookmarkNodeAdded, ABU: 0
2025-06-23 17:00:01.435: [INFO] BookmarkNodeAdded, ABU: 0
2025-06-23 17:00:01.435: [INFO] BookmarkNodeAdded, ABU: 0
2025-06-23 17:00:01.435: [INFO] BookmarkNodeAdded, ABU: 0
2025-06-23 17:00:01.435: [INFO] BookmarkNodeAdded, ABU: 0
2025-06-23 17:00:01.435: [INFO] BookmarkNodeAdded, ABU: 0
2025-06-23 17:00:01.435: [INFO] BookmarkNodeAdded, ABU: 0
2025-06-23 17:00:01.435: [INFO] BookmarkNodeAdded, ABU: 0
2025-06-23 17:00:01.435: [INFO] BookmarkNodeAdded, ABU: 0
2025-06-23 17:00:01.435: [INFO] BookmarkNodeAdded, ABU: 0
2025-06-23 17:00:01.436: [INFO] BookmarkNodeAdded, ABU: 0
2025-06-23 17:00:01.436: [INFO] BookmarkNodeAdded, ABU: 0
2025-06-23 17:00:01.436: [INFO] BookmarkNodeAdded, ABU: 0
2025-06-23 17:00:01.436: [INFO] BookmarkNodeAdded, ABU: 0
2025-06-23 17:00:01.436: [INFO] BookmarkNodeAdded, ABU: 0
2025-06-23 17:00:01.436: [INFO] BookmarkNodeAdded, ABU: 0
2025-06-23 17:00:01.436: [INFO] BookmarkNodeAdded, ABU: 0
2025-06-23 17:00:01.436: [INFO] BookmarkNodeAdded, ABU: 0
2025-06-23 17:00:01.436: [INFO] BookmarkNodeAdded, ABU: 0
2025-06-23 17:00:01.436: [INFO] BookmarkNodeAdded, ABU: 0
2025-06-23 17:00:01.437: [INFO] BookmarkNodeAdded, ABU: 0
2025-06-23 17:00:01.437: [INFO] BookmarkNodeAdded, ABU: 0
2025-06-23 17:00:01.437: [INFO] BookmarkNodeAdded, ABU: 0
2025-06-23 17:00:01.437: [INFO] BookmarkNodeAdded, ABU: 0
2025-06-23 17:00:01.437: [INFO] BookmarkNodeAdded, ABU: 0
2025-06-23 17:00:01.437: [INFO] BookmarkNodeAdded, ABU: 0
2025-06-23 17:00:01.437: [INFO] BookmarkNodeAdded, ABU: 0
2025-06-23 17:00:01.437: [INFO] BookmarkNodeAdded, ABU: 0
2025-06-23 17:00:01.437: [INFO] BookmarkNodeAdded, ABU: 0
2025-06-23 17:00:01.437: [INFO] BookmarkNodeAdded, ABU: 0
2025-06-23 17:00:01.437: [INFO] BookmarkNodeAdded, ABU: 0
2025-06-23 17:00:01.437: [INFO] BookmarkNodeAdded, ABU: 0
2025-06-23 17:00:01.437: [INFO] BookmarkNodeAdded, ABU: 0
2025-06-23 17:00:01.437: [INFO] BookmarkNodeAdded, ABU: 0
2025-06-23 17:00:01.437: [INFO] BookmarkNodeAdded, ABU: 0
2025-06-23 17:00:01.437: [INFO] BookmarkNodeAdded, ABU: 0
2025-06-23 17:00:01.437: [INFO] BookmarkNodeAdded, ABU: 0
2025-06-23 17:00:01.437: [INFO] BookmarkNodeAdded, ABU: 0
2025-06-23 17:00:01.437: [INFO] BookmarkNodeAdded, ABU: 0
2025-06-23 17:00:01.437: [INFO] BookmarkNodeAdded, ABU: 0
2025-06-23 17:00:01.437: [INFO] BookmarkNodeAdded, ABU: 0
2025-06-23 17:00:01.437: [INFO] BookmarkNodeAdded, ABU: 0
2025-06-23 17:00:01.437: [INFO] BookmarkNodeAdded, ABU: 0
2025-06-23 17:00:01.437: [INFO] BookmarkNodeAdded, ABU: 0
2025-06-23 17:00:01.437: [INFO] BookmarkNodeAdded, ABU: 0
2025-06-23 17:00:01.437: [INFO] BookmarkNodeAdded, ABU: 0
2025-06-23 17:00:01.438: [INFO] BookmarkNodeAdded, ABU: 0
2025-06-23 17:00:01.438: [INFO] BookmarkNodeAdded, ABU: 0
2025-06-23 17:00:01.438: [INFO] BookmarkNodeAdded, ABU: 0
2025-06-23 17:00:01.438: [INFO] BookmarkNodeAdded, ABU: 0
2025-06-23 17:00:01.438: [INFO] BookmarkNodeAdded, ABU: 0
2025-06-23 17:00:01.438: [INFO] BookmarkNodeAdded, ABU: 0
2025-06-23 17:00:01.438: [INFO] BookmarkNodeAdded, ABU: 0
2025-06-23 17:00:01.438: [INFO] BookmarkNodeAdded, ABU: 0
2025-06-23 17:00:01.438: [INFO] BookmarkNodeAdded, ABU: 0
2025-06-23 17:00:01.438: [INFO] BookmarkNodeAdded, ABU: 0
2025-06-23 17:00:01.438: [INFO] BookmarkNodeAdded, ABU: 0
2025-06-23 17:00:01.438: [INFO] BookmarkNodeAdded, ABU: 0
2025-06-23 17:00:01.438: [INFO] BookmarkNodeAdded, ABU: 0
2025-06-23 17:00:01.438: [INFO] BookmarkNodeAdded, ABU: 0
2025-06-23 17:00:01.438: [INFO] BookmarkNodeAdded, ABU: 0
2025-06-23 17:00:01.438: [INFO] BookmarkNodeAdded, ABU: 0
2025-06-23 17:00:01.438: [INFO] BookmarkNodeAdded, ABU: 0
2025-06-23 17:00:01.438: [INFO] BookmarkNodeAdded, ABU: 0
2025-06-23 17:00:01.438: [INFO] BookmarkNodeAdded, ABU: 0
2025-06-23 17:00:01.438: [INFO] BookmarkNodeAdded, ABU: 0
2025-06-23 17:00:01.438: [INFO] BookmarkNodeAdded, ABU: 0
2025-06-23 17:00:01.438: [INFO] BookmarkNodeAdded, ABU: 0
2025-06-23 17:00:01.438: [INFO] BookmarkNodeAdded, ABU: 0
2025-06-23 17:00:01.438: [INFO] BookmarkNodeAdded, ABU: 0
2025-06-23 17:00:01.438: [INFO] BookmarkNodeAdded, ABU: 0
2025-06-23 17:00:01.438: [INFO] BookmarkNodeAdded, ABU: 0
2025-06-23 17:00:01.438: [INFO] BookmarkNodeAdded, ABU: 0
2025-06-23 17:00:01.439: [INFO] BookmarkNodeAdded, ABU: 0
2025-06-23 17:00:01.439: [INFO] BookmarkNodeAdded, ABU: 0
2025-06-23 17:00:01.439: [INFO] BookmarkNodeAdded, ABU: 0
2025-06-23 17:00:01.439: [INFO] BookmarkNodeAdded, ABU: 0
2025-06-23 17:00:01.439: [INFO] BookmarkNodeAdded, ABU: 0
2025-06-23 17:00:01.439: [INFO] BookmarkNodeAdded, ABU: 0
2025-06-23 17:00:01.439: [INFO] BookmarkNodeAdded, ABU: 0
2025-06-23 17:00:01.439: [INFO] BookmarkNodeAdded, ABU: 0
2025-06-23 17:00:01.439: [INFO] BookmarkNodeAdded, ABU: 0
2025-06-23 17:00:01.439: [INFO] BookmarkNodeAdded, ABU: 0
2025-06-23 17:00:01.439: [INFO] BookmarkNodeAdded, ABU: 0
2025-06-23 17:00:01.439: [INFO] BookmarkNodeAdded, ABU: 0
2025-06-23 17:00:01.439: [INFO] BookmarkNodeAdded, ABU: 0
2025-06-23 17:00:01.439: [INFO] BookmarkNodeAdded, ABU: 0
2025-06-23 17:00:01.439: [INFO] BookmarkNodeAdded, ABU: 0
2025-06-23 17:00:01.439: [INFO] BookmarkNodeAdded, ABU: 0
2025-06-23 17:00:01.439: [INFO] BookmarkNodeAdded, ABU: 0
2025-06-23 17:00:01.439: [INFO] BookmarkNodeAdded, ABU: 0
2025-06-23 17:00:01.439: [INFO] BookmarkNodeAdded, ABU: 0
2025-06-23 17:00:01.439: [INFO] BookmarkNodeAdded, ABU: 0
2025-06-23 17:00:01.439: [INFO] BookmarkNodeAdded, ABU: 0
2025-06-23 17:00:01.439: [INFO] BookmarkNodeAdded, ABU: 0
2025-06-23 17:00:01.439: [INFO] BookmarkNodeAdded, ABU: 0
2025-06-23 17:00:01.439: [INFO] BookmarkNodeAdded, ABU: 0
2025-06-23 17:00:01.440: [INFO] BookmarkNodeAdded, ABU: 0
2025-06-23 17:00:01.440: [INFO] BookmarkNodeAdded, ABU: 0
2025-06-23 17:00:01.440: [INFO] BookmarkNodeAdded, ABU: 0
2025-06-23 17:00:01.440: [INFO] BookmarkNodeAdded, ABU: 0
2025-06-23 17:00:01.440: [INFO] BookmarkNodeAdded, ABU: 0
2025-06-23 17:00:01.440: [INFO] BookmarkNodeAdded, ABU: 0
2025-06-23 17:00:01.440: [INFO] BookmarkNodeAdded, ABU: 0
2025-06-23 17:00:01.440: [INFO] BookmarkNodeAdded, ABU: 0
2025-06-23 17:00:01.440: [INFO] BookmarkNodeAdded, ABU: 0
2025-06-23 17:00:01.440: [INFO] BookmarkNodeAdded, ABU: 0
2025-06-23 17:00:01.440: [INFO] BookmarkNodeAdded, ABU: 0
2025-06-23 17:00:01.440: [INFO] BookmarkNodeAdded, ABU: 0
2025-06-23 17:00:01.440: [INFO] BookmarkNodeAdded, ABU: 0
2025-06-23 17:00:01.440: [INFO] BookmarkNodeAdded, ABU: 0
2025-06-23 17:00:01.440: [INFO] BookmarkNodeAdded, ABU: 0
2025-06-23 17:00:01.440: [INFO] BookmarkNodeAdded, ABU: 0
2025-06-23 17:00:01.440: [INFO] BookmarkNodeAdded, ABU: 0
2025-06-23 17:00:01.440: [INFO] BookmarkNodeAdded, ABU: 0
2025-06-23 17:00:01.440: [INFO] BookmarkNodeAdded, ABU: 0
2025-06-23 17:00:01.440: [INFO] BookmarkNodeAdded, ABU: 0
2025-06-23 17:00:01.440: [INFO] BookmarkNodeAdded, ABU: 0
2025-06-23 17:00:01.440: [INFO] BookmarkNodeAdded, ABU: 0
2025-06-23 17:00:01.440: [INFO] BookmarkNodeAdded, ABU: 0
2025-06-23 17:00:01.440: [INFO] BookmarkNodeAdded, ABU: 0
2025-06-23 17:00:01.440: [INFO] BookmarkNodeAdded, ABU: 0
2025-06-23 17:00:01.440: [INFO] BookmarkNodeAdded, ABU: 0
2025-06-23 17:00:01.441: [INFO] BookmarkNodeAdded, ABU: 0
2025-06-23 17:00:01.441: [INFO] BookmarkNodeAdded, ABU: 0
2025-06-23 17:00:01.441: [INFO] BookmarkNodeAdded, ABU: 0
2025-06-23 17:00:01.441: [INFO] BookmarkNodeAdded, ABU: 0
2025-06-23 17:00:01.441: [INFO] BookmarkNodeAdded, ABU: 0
2025-06-23 17:00:01.441: [INFO] BookmarkNodeAdded, ABU: 0
2025-06-23 17:00:01.441: [INFO] BookmarkNodeAdded, ABU: 0
2025-06-23 17:00:01.441: [INFO] BookmarkNodeAdded, ABU: 0
2025-06-23 17:00:01.441: [INFO] BookmarkNodeAdded, ABU: 0
2025-06-23 17:00:01.441: [INFO] BookmarkNodeAdded, ABU: 0
2025-06-23 17:00:01.441: [INFO] BookmarkNodeAdded, ABU: 0
2025-06-23 17:00:01.441: [INFO] BookmarkNodeAdded, ABU: 0
2025-06-23 17:00:01.441: [INFO] BookmarkNodeAdded, ABU: 0
2025-06-23 17:00:01.441: [INFO] BookmarkNodeAdded, ABU: 0
2025-06-23 17:00:01.441: [INFO] BookmarkNodeAdded, ABU: 0
2025-06-23 17:00:01.441: [INFO] BookmarkNodeAdded, ABU: 0
2025-06-23 17:00:01.441: [INFO] BookmarkNodeAdded, ABU: 0
2025-06-23 17:00:01.441: [INFO] BookmarkNodeAdded, ABU: 0
2025-06-23 17:00:01.441: [INFO] BookmarkNodeAdded, ABU: 0
2025-06-23 17:00:01.441: [INFO] BookmarkNodeAdded, ABU: 0
2025-06-23 17:00:01.441: [INFO] BookmarkNodeAdded, ABU: 0
2025-06-23 17:00:01.441: [INFO] BookmarkNodeAdded, ABU: 0
2025-06-23 17:00:01.441: [INFO] BookmarkNodeAdded, ABU: 0
2025-06-23 17:00:01.441: [INFO] BookmarkNodeAdded, ABU: 0
2025-06-23 17:00:01.442: [INFO] BookmarkNodeAdded, ABU: 0
2025-06-23 17:00:01.442: [INFO] BookmarkNodeAdded, ABU: 0
2025-06-23 17:00:01.442: [INFO] BookmarkNodeAdded, ABU: 0
2025-06-23 17:00:01.442: [INFO] BookmarkNodeAdded, ABU: 0
2025-06-23 17:00:01.442: [INFO] BookmarkNodeAdded, ABU: 0
2025-06-23 17:00:01.442: [INFO] BookmarkNodeAdded, ABU: 0
2025-06-23 17:00:01.442: [INFO] BookmarkNodeAdded, ABU: 0
2025-06-23 17:00:01.442: [INFO] BookmarkNodeAdded, ABU: 0
2025-06-23 17:00:01.442: [INFO] BookmarkNodeAdded, ABU: 0
2025-06-23 17:00:01.442: [INFO] BookmarkNodeAdded, ABU: 0
2025-06-23 17:00:01.442: [INFO] BookmarkNodeAdded, ABU: 0
2025-06-23 17:00:01.442: [INFO] BookmarkNodeAdded, ABU: 0
2025-06-23 17:00:01.442: [INFO] BookmarkNodeAdded, ABU: 0
2025-06-23 17:00:01.442: [INFO] BookmarkNodeAdded, ABU: 0
2025-06-23 17:00:01.442: [INFO] BookmarkNodeAdded, ABU: 0
2025-06-23 17:00:01.442: [INFO] BookmarkNodeAdded, ABU: 0
2025-06-23 17:00:01.442: [INFO] BookmarkNodeAdded, ABU: 0
2025-06-23 17:00:01.442: [INFO] BookmarkNodeAdded, ABU: 0
2025-06-23 17:00:01.442: [INFO] BookmarkNodeAdded, ABU: 0
2025-06-23 17:00:01.442: [INFO] BookmarkNodeAdded, ABU: 0
2025-06-23 17:00:01.442: [INFO] BookmarkNodeAdded, ABU: 0
2025-06-23 17:00:01.442: [INFO] BookmarkNodeAdded, ABU: 0
2025-06-23 17:00:01.442: [INFO] BookmarkNodeAdded, ABU: 0
2025-06-23 17:00:01.442: [INFO] BookmarkNodeAdded, ABU: 0
2025-06-23 17:00:01.442: [INFO] BookmarkNodeAdded, ABU: 0
2025-06-23 17:00:01.443: [INFO] BookmarkNodeAdded, ABU: 0
2025-06-23 17:00:01.443: [INFO] BookmarkNodeAdded, ABU: 0
2025-06-23 17:00:01.443: [INFO] BookmarkNodeAdded, ABU: 0
2025-06-23 17:00:01.443: [INFO] BookmarkNodeAdded, ABU: 0
2025-06-23 17:00:01.443: [INFO] BookmarkNodeAdded, ABU: 0
2025-06-23 17:00:01.443: [INFO] BookmarkNodeAdded, ABU: 0
2025-06-23 17:00:01.443: [INFO] BookmarkNodeAdded, ABU: 0
2025-06-23 17:00:01.443: [INFO] BookmarkNodeAdded, ABU: 0
2025-06-23 17:00:01.443: [INFO] BookmarkNodeAdded, ABU: 0
2025-06-23 17:00:01.443: [INFO] BookmarkNodeAdded, ABU: 0
2025-06-23 17:00:01.443: [INFO] BookmarkNodeAdded, ABU: 0
2025-06-23 17:00:01.443: [INFO] BookmarkNodeAdded, ABU: 0
2025-06-23 17:00:01.443: [INFO] BookmarkNodeAdded, ABU: 0
2025-06-23 17:00:01.443: [INFO] BookmarkNodeAdded, ABU: 0
2025-06-23 17:00:01.443: [INFO] BookmarkNodeAdded, ABU: 0
2025-06-23 17:00:01.443: [INFO] BookmarkNodeAdded, ABU: 0
2025-06-23 17:00:01.443: [INFO] BookmarkNodeAdded, ABU: 0
2025-06-23 17:00:01.443: [INFO] BookmarkNodeAdded, ABU: 0
2025-06-23 17:00:01.443: [INFO] BookmarkNodeAdded, ABU: 0
2025-06-23 17:00:01.443: [INFO] BookmarkNodeAdded, ABU: 0
2025-06-23 17:00:01.443: [INFO] BookmarkNodeAdded, ABU: 0
2025-06-23 17:00:01.443: [INFO] BookmarkNodeAdded, ABU: 0
2025-06-23 17:00:01.443: [INFO] BookmarkNodeAdded, ABU: 0
2025-06-23 17:00:01.443: [INFO] BookmarkNodeAdded, ABU: 0
2025-06-23 17:00:01.443: [INFO] BookmarkNodeAdded, ABU: 0
2025-06-23 17:00:01.443: [INFO] BookmarkNodeAdded, ABU: 0
2025-06-23 17:00:01.443: [INFO] BookmarkNodeAdded, ABU: 0
2025-06-23 17:00:01.443: [INFO] BookmarkNodeAdded, ABU: 0
2025-06-23 17:00:01.444: [INFO] BookmarkNodeAdded, ABU: 0
2025-06-23 17:00:01.444: [INFO] BookmarkNodeAdded, ABU: 0
2025-06-23 17:00:01.444: [INFO] BookmarkNodeAdded, ABU: 0
2025-06-23 17:00:01.444: [INFO] BookmarkNodeAdded, ABU: 0
2025-06-23 17:00:01.444: [INFO] BookmarkNodeAdded, ABU: 0
2025-06-23 17:00:01.444: [INFO] BookmarkNodeAdded, ABU: 0
2025-06-23 17:00:01.444: [INFO] BookmarkNodeAdded, ABU: 0
2025-06-23 17:00:01.444: [INFO] BookmarkNodeAdded, ABU: 0
2025-06-23 17:00:01.444: [INFO] BookmarkNodeAdded, ABU: 0
2025-06-23 17:00:01.444: [INFO] BookmarkNodeAdded, ABU: 0
2025-06-23 17:00:01.444: [INFO] BookmarkNodeAdded, ABU: 0
2025-06-23 17:00:01.444: [INFO] BookmarkNodeAdded, ABU: 0
2025-06-23 17:00:01.444: [INFO] BookmarkNodeAdded, ABU: 0
2025-06-23 17:00:01.444: [INFO] BookmarkNodeAdded, ABU: 0
2025-06-23 17:00:01.444: [INFO] BookmarkNodeAdded, ABU: 0
2025-06-23 17:00:01.444: [INFO] BookmarkNodeAdded, ABU: 0
2025-06-23 17:00:01.444: [INFO] BookmarkNodeAdded, ABU: 0
2025-06-23 17:00:01.444: [INFO] BookmarkNodeAdded, ABU: 0
2025-06-23 17:00:01.444: [INFO] BookmarkNodeAdded, ABU: 0
2025-06-23 17:00:01.444: [INFO] BookmarkNodeAdded, ABU: 0
2025-06-23 17:00:01.444: [INFO] BookmarkNodeAdded, ABU: 0
2025-06-23 17:00:01.603: [INFO] Sync initialization duration: 4268ms
