{"logTime": "0623/165958", "correlationVector":"LU2h825XYpY5xepBk8EpVN.1","action":"SyncServerConnectionManagerRequest", "result":"SYNC_SERVER_OK", "context":{"environment":"Prod_germanywestcentral_prod-s01-010-eur-germanywestcentral", "migrationStage":"NotStarted", "server":"akswtt00900001j"}}
{"logTime": "0623/165958", "correlationVector":"LU2h825XYpY5xepBk8EpVN.2","action":"ProcessGetUpdates", "result":"Done", "context":{"dataType":"Encryption Keys", "deleted":"0", "process_failed_to_decrypt":"0", "process_pending_decryption":"0", "process_success":"1", "total":"1"}}
{"logTime": "0623/165959", "correlationVector":"9PyMX1vcIorHQ5P8ZAObyY","action":"SyncServerConnectionManagerRequest", "result":"SYNC_SERVER_OK", "context":{"environment":"", "migrationStage":"", "server":""}}
{"logTime": "0623/165959", "correlationVector":"9PyMX1vcIorHQ5P8ZAObyY.0","action":"EncryptionKeysFetcher.DownloadKeys:", "result":"Success", "context":Key count: 10, Last key timestamp: 2025-04-12T09:28:12Z}
{"logTime": "0623/165959", "correlationVector":"9PyMX1vcIorHQ5P8ZAObyY.1","action":"EncryptionKeysManager::SetEncryptionKeys:", "result":"Success", "context":Key names[10]:[CfR+kcqWBKqV+nXc41x+EQMYrVaVTzlFs4lXY1YgOHImbOel7bAruGanPC1QDy7uEJsiMfVd4HHfA4gfU4snqQ==][BWNxq+kwnpNMYdPVlqTIj7f/DZD5DIo9ksiTHjeYxe9ep+ACoA1PrvoqiYf63ysogIT2dET0Svm0Oc//ANHJZQ==][Jbnr80bjYUjozNSfWz/6i1k12OfZyuPOZq3Q15YUXC0jRRnZ9UNL07PXotBF2XeL+MXO/BFQUiiML2Fs452uTg==][KdK0iu6VpGAfohy2SzkBoRmy6NA4hJTmy/3n64ydImWZgjBSWqz1QcN+7WK7IC89RAtGmqMEQxhhsojVj+GqOg==][yarNyvlin20jHm5/6uaxOBBGBT84LCp1wVseuNR4kfxG00hZC76DUWKgm6alRp3XM3zBDJfyR6cOriDQKWexJw==][fwVQ+B0IVjw6lMutOXdmh/TZcj3igotNfNXXJ/wD35vgjI+UQQ/zbON+vmbm1goSjqgtyVm7F2aADLo1+12+Hg==][wVxAf4Ig6VS54binvMxnAbFTkp/hVZ8XfwCCNGZ8MFnWf7ygKTVgPihGF3vSG4ULqEvlm47D4x8TbNHNXS8OPQ==][cNYmg537/UPN74omGS5Y5I7kG0zRBGKAr3bBjO0RldxXblXeb/5oA31ty4AdcXCLLIyjmxbBhJ7J25XMq1mxEA==][Abkfn9ko/ofwZNmYRSgCKZSKxAqmLRDBwUQkvSY75QBgNQTivtDR438Y6PI/8CoF3GKl8a2icOxUNnMGIh7tMw==][Olo511+Tqcbmwg5AskKR0rzh90AyWoADKfRv8X84du45lIPCAD235252iqNHghDdeaTsjp98p+Z6YX/VyPZTmQ==]}
{"logTime": "0623/165959", "correlationVector":"9PyMX1vcIorHQ5P8ZAObyY.2","action":"EncryptionKeysManager::SetEncryptionKeysWithTimestamps:", "result":"Success", "context":Key timestamps[10]:[2021-07-11T21:58:57Z][2022-01-31T11:37:02Z][2022-10-21T11:43:38Z][2022-11-21T14:32:44Z][2022-12-17T21:48:40Z][2023-08-20T13:52:38Z][2024-02-21T20:47:02Z][2024-04-14T19:49:04Z][2024-10-12T19:55:17Z][2025-04-12T09:28:12Z]}
{"logTime": "0623/165959", "correlationVector":"LU2h825XYpY5xepBk8EpVN","action":"Initial GetUpdates", "result":"", "context":Reason: NEW_CLIENT. cV=LU2h825XYpY5xepBk8EpVN}
{"logTime": "0623/165959", "correlationVector":"LU2h825XYpY5xepBk8EpVN.3","action":"GetUpdates Response", "result":"Success", "context":Received 1 update(s). cV=LU2h825XYpY5xepBk8EpVN.0;server=akswtt00900001j;cloudType=Consumer;environment=Prod_germanywestcentral_prod-s01-010-eur-germanywestcentral;migrationStage=NotStarted}
{"logTime": "0623/165959", "correlationVector":"fTUJCuvfPxW7Y3ixJ/Iwpq","action":"Initial GetUpdates", "result":"", "context":Reason: NEWLY_SUPPORTED_DATATYPE. cV=fTUJCuvfPxW7Y3ixJ/Iwpq}
{"logTime": "0623/165959", "correlationVector":"fTUJCuvfPxW7Y3ixJ/Iwpq.1","action":"SyncServerConnectionManagerRequest", "result":"SYNC_SERVER_OK", "context":{"environment":"Prod_germanywestcentral_prod-s01-010-eur-germanywestcentral", "migrationStage":"NotStarted", "server":"akswtt00900000p"}}
{"logTime": "0623/165959", "correlationVector":"fTUJCuvfPxW7Y3ixJ/Iwpq.2","action":"ProcessGetUpdates", "result":"Done", "context":{"dataType":"Passwords", "deleted":"0", "process_failed_to_decrypt":"0", "process_pending_decryption":"0", "process_success":"250", "total":"250"}}
{"logTime": "0623/165959", "correlationVector":"fTUJCuvfPxW7Y3ixJ/Iwpq.3","action":"GetUpdates Response", "result":"Success", "context":Received 250 update(s). cV=fTUJCuvfPxW7Y3ixJ/Iwpq.0;server=akswtt00900000p;cloudType=Consumer;environment=Prod_germanywestcentral_prod-s01-010-eur-germanywestcentral;migrationStage=NotStarted Some updates remain.}
{"logTime": "0623/165959", "correlationVector":"N9peTwALeE2AZzVJoJhQTn","action":"Initial GetUpdates", "result":"", "context":Reason: NEWLY_SUPPORTED_DATATYPE. cV=N9peTwALeE2AZzVJoJhQTn}
{"logTime": "0623/170000", "correlationVector":"N9peTwALeE2AZzVJoJhQTn.1","action":"SyncServerConnectionManagerRequest", "result":"SYNC_SERVER_OK", "context":{"environment":"Prod_germanywestcentral_prod-s01-010-eur-germanywestcentral", "migrationStage":"NotStarted", "server":"akswtt00900001l"}}
{"logTime": "0623/170000", "correlationVector":"N9peTwALeE2AZzVJoJhQTn.2","action":"ProcessGetUpdates", "result":"Done", "context":{"dataType":"Passwords", "deleted":"0", "process_failed_to_decrypt":"0", "process_pending_decryption":"0", "process_success":"112", "total":"112"}}
{"logTime": "0623/170000", "correlationVector":"N9peTwALeE2AZzVJoJhQTn.3","action":"GetUpdates Response", "result":"Success", "context":Received 112 update(s). cV=N9peTwALeE2AZzVJoJhQTn.0;server=akswtt00900001l;cloudType=Consumer;environment=Prod_germanywestcentral_prod-s01-010-eur-germanywestcentral;migrationStage=NotStarted}
{"logTime": "0623/170000", "correlationVector":"9TMzBzGsNniEbSnV0WtTcK","action":"Initial GetUpdates", "result":"", "context":Reason: NEWLY_SUPPORTED_DATATYPE. cV=9TMzBzGsNniEbSnV0WtTcK}
{"logTime": "0623/170001", "correlationVector":"9TMzBzGsNniEbSnV0WtTcK.1","action":"SyncServerConnectionManagerRequest", "result":"SYNC_SERVER_OK", "context":{"environment":"Prod_germanywestcentral_prod-s01-010-eur-germanywestcentral", "migrationStage":"NotStarted", "server":"akswtt009000017"}}
{"logTime": "0623/170001", "correlationVector":"9TMzBzGsNniEbSnV0WtTcK.2","action":"ProcessGetUpdates", "result":"Done", "context":{"dataType":"Bookmarks", "deleted":"0", "process_failed_to_decrypt":"0", "process_pending_decryption":"0", "process_success":"250", "total":"250"}}
{"logTime": "0623/170001", "correlationVector":"9TMzBzGsNniEbSnV0WtTcK.3","action":"GetUpdates Response", "result":"Success", "context":Received 250 update(s). cV=9TMzBzGsNniEbSnV0WtTcK.0;server=akswtt009000017;cloudType=Consumer;environment=Prod_germanywestcentral_prod-s01-010-eur-germanywestcentral;migrationStage=NotStarted Some updates remain.}
{"logTime": "0623/170001", "correlationVector":"0h9e9RLSDQVa2lzOoDCA0C","action":"Initial GetUpdates", "result":"", "context":Reason: NEWLY_SUPPORTED_DATATYPE. cV=0h9e9RLSDQVa2lzOoDCA0C}
{"logTime": "0623/170001", "correlationVector":"0h9e9RLSDQVa2lzOoDCA0C.1","action":"SyncServerConnectionManagerRequest", "result":"SYNC_SERVER_OK", "context":{"environment":"Prod_germanywestcentral_prod-s01-010-eur-germanywestcentral", "migrationStage":"NotStarted", "server":"akswtt00900002a"}}
{"logTime": "0623/170001", "correlationVector":"0h9e9RLSDQVa2lzOoDCA0C.2","action":"ProcessGetUpdates", "result":"Done", "context":{"dataType":"Bookmarks", "deleted":"0", "process_failed_to_decrypt":"0", "process_pending_decryption":"0", "process_success":"132", "total":"132"}}
{"logTime": "0623/170001", "correlationVector":"0h9e9RLSDQVa2lzOoDCA0C.3","action":"GetUpdates Response", "result":"Success", "context":Received 132 update(s). cV=0h9e9RLSDQVa2lzOoDCA0C.0;server=akswtt00900002a;cloudType=Consumer;environment=Prod_germanywestcentral_prod-s01-010-eur-germanywestcentral;migrationStage=NotStarted}
{"logTime": "0623/170001", "correlationVector":"7oMoxVDbjHLU7r534Rf3L7","action":"Initial GetUpdates", "result":"", "context":Reason: NEWLY_SUPPORTED_DATATYPE. cV=7oMoxVDbjHLU7r534Rf3L7}
{"logTime": "0623/170001", "correlationVector":"7oMoxVDbjHLU7r534Rf3L7.1","action":"SyncServerConnectionManagerRequest", "result":"SYNC_SERVER_OK", "context":{"environment":"Prod_germanywestcentral_prod-s01-010-eur-germanywestcentral", "migrationStage":"NotStarted", "server":"akswtt00900001l"}}
{"logTime": "0623/170001", "correlationVector":"7oMoxVDbjHLU7r534Rf3L7.2","action":"ProcessGetUpdates", "result":"Done", "context":{"dataType":"Autofill Profiles", "deleted":"0", "process_failed_to_decrypt":"0", "process_pending_decryption":"0", "process_success":"3", "total":"3"}}
{"logTime": "0623/170001", "correlationVector":"7oMoxVDbjHLU7r534Rf3L7.3","action":"ProcessGetUpdates", "result":"Done", "context":{"dataType":"Autofill", "deleted":"0", "process_failed_to_decrypt":"0", "process_pending_decryption":"0", "process_success":"21", "total":"21"}}
{"logTime": "0623/170001", "correlationVector":"7oMoxVDbjHLU7r534Rf3L7.4","action":"GetUpdates Response", "result":"Success", "context":Received 24 update(s). cV=7oMoxVDbjHLU7r534Rf3L7.0;server=akswtt00900001l;cloudType=Consumer;environment=Prod_germanywestcentral_prod-s01-010-eur-germanywestcentral;migrationStage=NotStarted}
{"logTime": "0623/170001", "correlationVector":"MW3yzZRmsYLoNKpSSRVtvJ","action":"Initial GetUpdates", "result":"", "context":Reason: NEWLY_SUPPORTED_DATATYPE. cV=MW3yzZRmsYLoNKpSSRVtvJ}
{"logTime": "0623/170001", "correlationVector":"MW3yzZRmsYLoNKpSSRVtvJ.1","action":"SyncServerConnectionManagerRequest", "result":"SYNC_SERVER_OK", "context":{"environment":"Prod_germanywestcentral_prod-s01-010-eur-germanywestcentral", "migrationStage":"NotStarted", "server":"akswtt00900002h"}}
{"logTime": "0623/170001", "correlationVector":"MW3yzZRmsYLoNKpSSRVtvJ.2","action":"GetUpdates Response", "result":"Success", "context":Received 0 update(s). cV=MW3yzZRmsYLoNKpSSRVtvJ.0;server=akswtt00900002h;cloudType=Consumer;environment=Prod_germanywestcentral_prod-s01-010-eur-germanywestcentral;migrationStage=NotStarted}
{"logTime": "0623/170001", "correlationVector":"XyuJPB6gLiXI27FoCpnnUI","action":"Normal GetUpdate request", "result":"", "context":cV=XyuJPB6gLiXI27FoCpnnUI
Refresh requested types: Bookmarks, Passwords, Autofill Profiles, Autofill, History, Edge Wallet, Encryption Keys}
{"logTime": "0623/170002", "correlationVector":"XyuJPB6gLiXI27FoCpnnUI.1","action":"SyncServerConnectionManagerRequest", "result":"SYNC_SERVER_OK", "context":{"environment":"Prod_germanywestcentral_prod-s01-010-eur-germanywestcentral", "migrationStage":"NotStarted", "server":"akswtt009000007"}}
{"logTime": "0623/170002", "correlationVector":"XyuJPB6gLiXI27FoCpnnUI.2","action":"GetUpdates Response", "result":"Success", "context":Received 0 update(s). cV=XyuJPB6gLiXI27FoCpnnUI.0;server=akswtt009000007;cloudType=Consumer;environment=Prod_germanywestcentral_prod-s01-010-eur-germanywestcentral;migrationStage=NotStarted}
{"logTime": "0623/170002", "correlationVector":"W4CgrRRW8RbXpC7eq3QOyk","action":"DoCompareDataConsistency requsted types: ", "result":"Bookmarks, Passwords, History, Edge Wallet, Encryption Keys"}
{"logTime": "0623/170002", "correlationVector":"W4CgrRRW8RbXpC7eq3QOyk.0","action":"CompareDataConsistency result: ", "result":"Compare result: Encryption Keys is consistent. local entities count is: 1 local entities hash is: tlMIoC9RvBjlNtYsm9Q9jT2TvW0="}
{"logTime": "0623/170002", "correlationVector":"W4CgrRRW8RbXpC7eq3QOyk.1","action":"CompareDataConsistency result: ", "result":"Compare result: Bookmarks is consistent. local entities count is: 377 local entities hash is: oGajvkSe11fSviEqDCmkF7KI1L4="}
{"logTime": "0623/170002", "correlationVector":"W4CgrRRW8RbXpC7eq3QOyk.2","action":"CompareDataConsistency result: ", "result":"Server did not send this History local entities count is: 0 local entities hash is: "}
{"logTime": "0623/170002", "correlationVector":"W4CgrRRW8RbXpC7eq3QOyk.3","action":"CompareDataConsistency result: ", "result":"Compare result: Edge Wallet is consistent. local entities count is: 0 local entities hash is: "}
{"logTime": "0623/170002", "correlationVector":"W4CgrRRW8RbXpC7eq3QOyk.4","action":"CompareDataConsistency result: ", "result":"Compare result: Passwords is consistent. local entities count is: 362 local entities hash is: qunrQec64keJsyS/M74l5+6lPDc="}
{"logTime": "0623/170002", "correlationVector":"","action":"DIAGNOSTIC_REQUEST|v1/diagnosticData/Diagnostic.SendCheckResult()|SUCCESS", "result":""}
